-------------------------------------------------------------------------------
Test set: com.mycompany.parcialfinal.services.TempServicesTest
-------------------------------------------------------------------------------
Tests run: 1, Failures: 1, Errors: 0, Skipped: 0, Time elapsed: 0.04 s <<< FAILURE! - in com.mycompany.parcialfinal.services.TempServicesTest
testConvert(com.mycompany.parcialfinal.services.TempServicesTest)  Time elapsed: 0.007 s  <<< FAILURE!
org.junit.ComparisonFailure: expected:<[50]> but was:<[42]>
	at com.mycompany.parcialfinal.services.TempServicesTest.testConvert(TempServicesTest.java:50)

